[debug] [2026-02-05T19:20:07.108Z] ----------------------------------------------------------------------
[debug] [2026-02-05T19:20:07.110Z] Command:       C:\Program Files\nodejs\node.exe C:\Users\HARSH GAJERA\AppData\Roaming\npm\node_modules\firebase-tools\lib\bin\firebase.js init
[debug] [2026-02-05T19:20:07.110Z] CLI Version:   15.5.1
[debug] [2026-02-05T19:20:07.110Z] Platform:      win32
[debug] [2026-02-05T19:20:07.110Z] Node Version:  v24.12.0
[debug] [2026-02-05T19:20:07.110Z] Time:          Fri Feb 06 2026 00:50:07 GMT+0530 (India Standard Time)
[debug] [2026-02-05T19:20:07.110Z] ----------------------------------------------------------------------
[debug] 
[info] 
     ######## #### ########  ######## ########     ###     ######  ########
     ##        ##  ##     ## ##       ##     ##  ##   ##  ##       ##
     ######    ##  ########  ######   ########  #########  ######  ######
     ##        ##  ##    ##  ##       ##     ## ##     ##       ## ##
     ##       #### ##     ## ######## ########  ##     ##  ######  ########

You're about to initialize a Firebase project in this directory:

  C:\Users\HARSH GAJERA\Desktop\automation\factory 2\mahira-calculator

[info] 
=== Project Setup
[info] 
[info] First, let's associate this project directory with a Firebase project.
[info] You can create multiple project aliases by running firebase use --add, 
[info] 
[debug] [2026-02-05T19:22:34.286Z] > command requires scopes: ["email","openid","https://www.googleapis.com/auth/cloudplatformprojects.readonly","https://www.googleapis.com/auth/firebase","https://www.googleapis.com/auth/cloud-platform"]
[debug] [2026-02-05T19:22:34.287Z] > authorizing via signed-in user (sahjanandautomationn@gmail.com)
[debug] [2026-02-05T19:22:34.287Z] Checked if tokens are valid: true, expires at: 1770322735906
[debug] [2026-02-05T19:22:34.288Z] Checked if tokens are valid: true, expires at: 1770322735906
[debug] [2026-02-05T19:22:34.288Z] >>> [apiv2][query] GET https://firebase.googleapis.com/v1beta1/projects pageSize=100
[debug] [2026-02-05T19:22:34.960Z] <<< [apiv2][status] GET https://firebase.googleapis.com/v1beta1/projects 200
[debug] [2026-02-05T19:22:34.960Z] <<< [apiv2][body] GET https://firebase.googleapis.com/v1beta1/projects [omitted]
[info] 
=== Hosting Setup
[debug] [2026-02-05T19:22:44.016Z] Checked if tokens are valid: true, expires at: 1770322735906
[debug] [2026-02-05T19:22:44.016Z] Checked if tokens are valid: true, expires at: 1770322735906
[debug] [2026-02-05T19:22:44.016Z] >>> [apiv2][query] GET https://firebase.googleapis.com/v1beta1/projects/sahjanand-yarn-calculator [none]
[debug] [2026-02-05T19:22:44.472Z] <<< [apiv2][status] GET https://firebase.googleapis.com/v1beta1/projects/sahjanand-yarn-calculator 200
[debug] [2026-02-05T19:22:44.472Z] <<< [apiv2][body] GET https://firebase.googleapis.com/v1beta1/projects/sahjanand-yarn-calculator {"projectId":"sahjanand-yarn-calculator","projectNumber":"474036730885","displayName":"sahjanand yarn calculator","name":"projects/sahjanand-yarn-calculator","resources":{"hostingSite":"sahjanand-yarn-calculator"},"state":"ACTIVE","etag":"1_cac61429-6a0b-4b44-bae2-fc31974f9899"}
[info] 
[info] Your public directory is the folder (relative to your project directory) that
[info] will contain Hosting assets to be uploaded with firebase deploy. If you
[info] have a build process for your assets, use your build's output directory.
[info] 
